  [1m[35m (228.4ms)[0m  [1m[35mCREATE DATABASE "dating_app_api_development" ENCODING = 'unicode'[0m
  [1m[35m (138.9ms)[0m  [1m[35mCREATE DATABASE "dating_app_api_test" ENCODING = 'unicode'[0m
  [1m[35m (20.2ms)[0m  [1m[35mCREATE TABLE "schema_migrations" ("version" character varying NOT NULL PRIMARY KEY)[0m
  [1m[35m (29.5ms)[0m  [1m[35mCREATE TABLE "ar_internal_metadata" ("key" character varying NOT NULL PRIMARY KEY, "value" character varying, "created_at" timestamp(6) NOT NULL, "updated_at" timestamp(6) NOT NULL)[0m
  [1m[35m (2.9ms)[0m  [1m[34mSELECT pg_try_advisory_lock(1722971123778292395)[0m
  [1m[35m (0.6ms)[0m  [1m[34mSELECT "schema_migrations"."version" FROM "schema_migrations" ORDER BY "schema_migrations"."version" ASC[0m
Migrating to CreateUsers (20200512153438)
  [1m[35m (0.2ms)[0m  [1m[35mBEGIN[0m
  [1m[35m (29.9ms)[0m  [1m[35mCREATE TABLE "users" ("id" bigserial primary key, "name" character varying, "starsign" character varying, "age" integer, "img" character varying, "ltl" boolean, "created_at" timestamp(6) NOT NULL, "updated_at" timestamp(6) NOT NULL)[0m
  [1m[36mprimary::SchemaMigration Create (0.5ms)[0m  [1m[32mINSERT INTO "schema_migrations" ("version") VALUES ($1) RETURNING "version"[0m  [["version", "20200512153438"]]
  [1m[35m (0.3ms)[0m  [1m[35mCOMMIT[0m
  [1m[36mActiveRecord::InternalMetadata Load (0.4ms)[0m  [1m[34mSELECT "ar_internal_metadata".* FROM "ar_internal_metadata" WHERE "ar_internal_metadata"."key" = $1 LIMIT $2[0m  [["key", "environment"], ["LIMIT", 1]]
  [1m[35m (0.2ms)[0m  [1m[35mBEGIN[0m
  [1m[36mActiveRecord::InternalMetadata Create (6.5ms)[0m  [1m[32mINSERT INTO "ar_internal_metadata" ("key", "value", "created_at", "updated_at") VALUES ($1, $2, $3, $4) RETURNING "key"[0m  [["key", "environment"], ["value", "development"], ["created_at", "2020-05-12 15:35:18.547657"], ["updated_at", "2020-05-12 15:35:18.547657"]]
  [1m[35m (5.6ms)[0m  [1m[35mCOMMIT[0m
  [1m[35m (0.6ms)[0m  [1m[34mSELECT pg_advisory_unlock(1722971123778292395)[0m
  [1m[35m (0.6ms)[0m  [1m[34mSELECT "schema_migrations"."version" FROM "schema_migrations" ORDER BY "schema_migrations"."version" ASC[0m
  [1m[35m (0.6ms)[0m  [1m[34mSELECT "schema_migrations"."version" FROM "schema_migrations" ORDER BY "schema_migrations"."version" ASC[0m
  [1m[35m (0.2ms)[0m  [1m[35mBEGIN[0m
  [1m[36mUser Create (1.7ms)[0m  [1m[32mINSERT INTO "users" ("name", "starsign", "age", "img", "ltl", "created_at", "updated_at") VALUES ($1, $2, $3, $4, $5, $6, $7) RETURNING "id"[0m  [["name", "Ryan Gosling"], ["starsign", "Scorpio"], ["age", 35], ["img", "http://coolspotters.com/files/photos/591533/ryan-gosling-large.jpg?1357449177"], ["ltl", true], ["created_at", "2020-05-12 15:42:08.628076"], ["updated_at", "2020-05-12 15:42:08.628076"]]
  [1m[35m (0.4ms)[0m  [1m[35mCOMMIT[0m
  [1m[35m (0.1ms)[0m  [1m[35mBEGIN[0m
  [1m[36mUser Create (0.3ms)[0m  [1m[32mINSERT INTO "users" ("name", "starsign", "age", "img", "ltl", "created_at", "updated_at") VALUES ($1, $2, $3, $4, $5, $6, $7) RETURNING "id"[0m  [["name", " Hypatia of Alexandria  "], ["starsign", "Aries"], ["age", 1700], ["img", "http://static1.squarespace.com/static/53e031f1e4b088c3aac80e47/t/5636ebf1e4b0683b6c56cb43/1446440030277/hypatia.jpg"], ["ltl", true], ["created_at", "2020-05-12 15:42:08.633943"], ["updated_at", "2020-05-12 15:42:08.633943"]]
  [1m[35m (0.4ms)[0m  [1m[35mCOMMIT[0m
  [1m[35m (0.3ms)[0m  [1m[35mBEGIN[0m
  [1m[36mUser Create (0.3ms)[0m  [1m[32mINSERT INTO "users" ("name", "starsign", "age", "img", "ltl", "created_at", "updated_at") VALUES ($1, $2, $3, $4, $5, $6, $7) RETURNING "id"[0m  [["name", "Hogan"], ["starsign", "Libra"], ["age", 40], ["img", "http://myfivebest.com/wp-content/uploads/2010/10/crime_crane.jpg"], ["ltl", true], ["created_at", "2020-05-12 15:42:08.637665"], ["updated_at", "2020-05-12 15:42:08.637665"]]
  [1m[35m (0.3ms)[0m  [1m[35mCOMMIT[0m
  [1m[35m (0.1ms)[0m  [1m[35mBEGIN[0m
  [1m[36mUser Create (0.3ms)[0m  [1m[32mINSERT INTO "users" ("name", "starsign", "age", "img", "ltl", "created_at", "updated_at") VALUES ($1, $2, $3, $4, $5, $6, $7) RETURNING "id"[0m  [["name", "Lumpy Space Princess"], ["starsign", "Virgo"], ["age", 29], ["img", "http://i0.wp.com/www.drawcentral.com/wp-content/uploads/2013/03/Lumpy-Space-Princess.jpg?resize=150%2C150"], ["ltl", true], ["created_at", "2020-05-12 15:42:08.641666"], ["updated_at", "2020-05-12 15:42:08.641666"]]
  [1m[35m (0.3ms)[0m  [1m[35mCOMMIT[0m
  [1m[35m (0.1ms)[0m  [1m[35mBEGIN[0m
  [1m[36mUser Create (0.4ms)[0m  [1m[32mINSERT INTO "users" ("name", "starsign", "age", "img", "ltl", "created_at", "updated_at") VALUES ($1, $2, $3, $4, $5, $6, $7) RETURNING "id"[0m  [["name", "Idris Elba"], ["starsign", "Virgo"], ["age", 43], ["img", "http://www.ramascreen.com/wp-content/uploads/2015/01/Idris-Elba-Luther-150x150.jpg"], ["ltl", true], ["created_at", "2020-05-12 15:42:08.645357"], ["updated_at", "2020-05-12 15:42:08.645357"]]
  [1m[35m (0.4ms)[0m  [1m[35mCOMMIT[0m
  [1m[35m (0.2ms)[0m  [1m[35mBEGIN[0m
  [1m[36mUser Create (0.4ms)[0m  [1m[32mINSERT INTO "users" ("name", "starsign", "age", "img", "ltl", "created_at", "updated_at") VALUES ($1, $2, $3, $4, $5, $6, $7) RETURNING "id"[0m  [["name", "The Trash Heap of Fraggle Rock"], ["starsign", "Taurus"], ["age", 1000], ["img", "http://www.toughpigs.com/wp-content/uploads/2009/12/trasheap-150x150.jpg"], ["ltl", false], ["created_at", "2020-05-12 15:42:08.664750"], ["updated_at", "2020-05-12 15:42:08.664750"]]
  [1m[35m (0.4ms)[0m  [1m[35mCOMMIT[0m
  [1m[35m (0.2ms)[0m  [1m[35mBEGIN[0m
  [1m[36mUser Create (0.4ms)[0m  [1m[32mINSERT INTO "users" ("name", "starsign", "age", "img", "ltl", "created_at", "updated_at") VALUES ($1, $2, $3, $4, $5, $6, $7) RETURNING "id"[0m  [["name", "Guy Guy"], ["starsign", "Gemni"], ["age", 60], ["img", "https://s-media-cache-ak0.pinimg.com/236x/03/d1/53/03d153c14b49a88cab97d58a5bedb6e8.jpg"], ["ltl", false], ["created_at", "2020-05-12 15:42:08.670910"], ["updated_at", "2020-05-12 15:42:08.670910"]]
  [1m[35m (5.9ms)[0m  [1m[35mCOMMIT[0m
  [1m[35m (0.1ms)[0m  [1m[35mBEGIN[0m
  [1m[36mUser Create (0.3ms)[0m  [1m[32mINSERT INTO "users" ("name", "starsign", "age", "img", "ltl", "created_at", "updated_at") VALUES ($1, $2, $3, $4, $5, $6, $7) RETURNING "id"[0m  [["name", "Raisin"], ["starsign", "Gemni"], ["age", 20], ["img", "http://cdn.lifeinthefastlane.com/wp-content/uploads/2010/09/raisin.jpg"], ["ltl", false], ["created_at", "2020-05-12 15:42:08.680512"], ["updated_at", "2020-05-12 15:42:08.680512"]]
  [1m[35m (6.1ms)[0m  [1m[35mCOMMIT[0m
  [1m[35m (0.2ms)[0m  [1m[35mBEGIN[0m
  [1m[36mUser Create (0.3ms)[0m  [1m[32mINSERT INTO "users" ("name", "starsign", "age", "img", "ltl", "created_at", "updated_at") VALUES ($1, $2, $3, $4, $5, $6, $7) RETURNING "id"[0m  [["name", "Jim"], ["starsign", "Leo"], ["age", 49], ["img", "http://www.argylejournal.com/wp-content/uploads/2012/10/Jim-Ellinghausen-e1349993531939-150x150.jpg"], ["ltl", false], ["created_at", "2020-05-12 15:42:08.690024"], ["updated_at", "2020-05-12 15:42:08.690024"]]
  [1m[35m (11.2ms)[0m  [1m[35mCOMMIT[0m
  [1m[35m (0.2ms)[0m  [1m[35mBEGIN[0m
  [1m[36mUser Create (0.5ms)[0m  [1m[32mINSERT INTO "users" ("name", "starsign", "age", "img", "ltl", "created_at", "updated_at") VALUES ($1, $2, $3, $4, $5, $6, $7) RETURNING "id"[0m  [["name", "Muttley"], ["starsign", "Capricorn"], ["age", 2], ["img", "http://gifrific.com/wp-content/uploads/2012/08/Cartoon-Character-Mutley-Laughing-150x150.gif"], ["ltl", true], ["created_at", "2020-05-12 15:42:08.705307"], ["updated_at", "2020-05-12 15:42:08.705307"]]
  [1m[35m (0.3ms)[0m  [1m[35mCOMMIT[0m
  [1m[35m (0.2ms)[0m  [1m[35mBEGIN[0m
  [1m[36mUser Create (0.4ms)[0m  [1m[32mINSERT INTO "users" ("name", "starsign", "age", "img", "ltl", "created_at", "updated_at") VALUES ($1, $2, $3, $4, $5, $6, $7) RETURNING "id"[0m  [["name", "Slimer"], ["starsign", "Pisces"], ["age", 90], ["img", "http://orig13.deviantart.net/ef48/f/2014/309/1/5/slimer_by_bbjeg-d85exys.png"], ["ltl", true], ["created_at", "2020-05-12 15:42:08.711562"], ["updated_at", "2020-05-12 15:42:08.711562"]]
  [1m[35m (0.4ms)[0m  [1m[35mCOMMIT[0m
  [1m[35m (0.2ms)[0m  [1m[35mBEGIN[0m
  [1m[36mUser Create (0.3ms)[0m  [1m[32mINSERT INTO "users" ("name", "starsign", "age", "img", "ltl", "created_at", "updated_at") VALUES ($1, $2, $3, $4, $5, $6, $7) RETURNING "id"[0m  [["name", "Mist"], ["starsign", "Aquarius"], ["age", 340000], ["img", "http://www.kidthesaurus.com/wp-content/uploads/2015/07/mist-150x150.jpg"], ["ltl", true], ["created_at", "2020-05-12 15:42:08.717689"], ["updated_at", "2020-05-12 15:42:08.717689"]]
  [1m[35m (0.3ms)[0m  [1m[35mCOMMIT[0m
  [1m[35m (0.1ms)[0m  [1m[35mBEGIN[0m
  [1m[36mUser Create (0.3ms)[0m  [1m[32mINSERT INTO "users" ("name", "starsign", "age", "img", "ltl", "created_at", "updated_at") VALUES ($1, $2, $3, $4, $5, $6, $7) RETURNING "id"[0m  [["name", "Ching Shih"], ["starsign", "Sagittarius"], ["age", 340000], ["img", "http://treehouseletter.com/wp-content/uploads/2015/04/Ching-Shih-150x150.jpg"], ["ltl", true], ["created_at", "2020-05-12 15:42:08.721763"], ["updated_at", "2020-05-12 15:42:08.721763"]]
  [1m[35m (0.3ms)[0m  [1m[35mCOMMIT[0m
  [1m[35m (0.1ms)[0m  [1m[35mBEGIN[0m
  [1m[36mUser Create (0.3ms)[0m  [1m[32mINSERT INTO "users" ("name", "starsign", "age", "img", "ltl", "created_at", "updated_at") VALUES ($1, $2, $3, $4, $5, $6, $7) RETURNING "id"[0m  [["name", "Galadriel"], ["starsign", "Sagittarius"], ["age", 7045], ["img", "http://nerdbastards.com/wp-content/uploads/2015/12/Galadriel-and-Phial-150x150.jpg"], ["ltl", true], ["created_at", "2020-05-12 15:42:08.725412"], ["updated_at", "2020-05-12 15:42:08.725412"]]
  [1m[35m (0.3ms)[0m  [1m[35mCOMMIT[0m
  [1m[35m (0.1ms)[0m  [1m[35mBEGIN[0m
  [1m[36mUser Create (0.3ms)[0m  [1m[32mINSERT INTO "users" ("name", "starsign", "age", "img", "ltl", "created_at", "updated_at") VALUES ($1, $2, $3, $4, $5, $6, $7) RETURNING "id"[0m  [["name", "Skeletor"], ["starsign", "Cancer"], ["age", 19], ["img", "http://www.shwiggie.com/media/images/skeletor-smirk.jpg"], ["ltl", true], ["created_at", "2020-05-12 15:42:08.729131"], ["updated_at", "2020-05-12 15:42:08.729131"]]
  [1m[35m (0.3ms)[0m  [1m[35mCOMMIT[0m
  [1m[35m (0.2ms)[0m  [1m[35mBEGIN[0m
  [1m[36mUser Create (0.3ms)[0m  [1m[32mINSERT INTO "users" ("name", "starsign", "age", "img", "ltl", "created_at", "updated_at") VALUES ($1, $2, $3, $4, $5, $6, $7) RETURNING "id"[0m  [["name", "Sauron"], ["starsign", "Taurus"], ["age", 198], ["img", "http://ia.media-imdb.com/images/M/MV5BMTc0Njk5NDQwNl5BMl5BanBnXkFtZTYwNTU3NTky._V1_SX150_CR0,0,150,150_.jpg"], ["ltl", false], ["created_at", "2020-05-12 15:42:08.732853"], ["updated_at", "2020-05-12 15:42:08.732853"]]
  [1m[35m (0.3ms)[0m  [1m[35mCOMMIT[0m
Started GET "/users" for ::1 at 2020-05-12 10:42:30 -0500
  [1m[35m (1.2ms)[0m  [1m[34mSELECT "schema_migrations"."version" FROM "schema_migrations" ORDER BY "schema_migrations"."version" ASC[0m
Processing by UsersController#index as HTML
  [1m[36mUser Load (0.6ms)[0m  [1m[34mSELECT "users".* FROM "users"[0m
  ↳ app/controllers/users_controller.rb:8:in `index'
Completed 200 OK in 47ms (Views: 39.8ms | ActiveRecord: 5.1ms | Allocations: 9402)


Started GET "/favicon.ico" for ::1 at 2020-05-12 10:42:31 -0500
  
ActionController::RoutingError (No route matches [GET] "/favicon.ico"):
  
actionpack (6.0.3) lib/action_dispatch/middleware/debug_exceptions.rb:36:in `call'
actionpack (6.0.3) lib/action_dispatch/middleware/show_exceptions.rb:33:in `call'
railties (6.0.3) lib/rails/rack/logger.rb:37:in `call_app'
railties (6.0.3) lib/rails/rack/logger.rb:26:in `block in call'
activesupport (6.0.3) lib/active_support/tagged_logging.rb:80:in `block in tagged'
activesupport (6.0.3) lib/active_support/tagged_logging.rb:28:in `tagged'
activesupport (6.0.3) lib/active_support/tagged_logging.rb:80:in `tagged'
railties (6.0.3) lib/rails/rack/logger.rb:26:in `call'
actionpack (6.0.3) lib/action_dispatch/middleware/remote_ip.rb:81:in `call'
actionpack (6.0.3) lib/action_dispatch/middleware/request_id.rb:27:in `call'
rack (2.2.2) lib/rack/runtime.rb:22:in `call'
activesupport (6.0.3) lib/active_support/cache/strategy/local_cache_middleware.rb:29:in `call'
actionpack (6.0.3) lib/action_dispatch/middleware/executor.rb:14:in `call'
actionpack (6.0.3) lib/action_dispatch/middleware/static.rb:126:in `call'
rack (2.2.2) lib/rack/sendfile.rb:110:in `call'
actionpack (6.0.3) lib/action_dispatch/middleware/host_authorization.rb:82:in `call'
railties (6.0.3) lib/rails/engine.rb:527:in `call'
puma (4.3.3) lib/puma/configuration.rb:228:in `call'
puma (4.3.3) lib/puma/server.rb:682:in `handle_request'
puma (4.3.3) lib/puma/server.rb:472:in `process_client'
puma (4.3.3) lib/puma/server.rb:328:in `block in run'
puma (4.3.3) lib/puma/thread_pool.rb:134:in `block in spawn_thread'
Started POST "/users" for ::1 at 2020-05-12 10:47:54 -0500
Processing by UsersController#create as */*
  Parameters: {"name"=>"Dan McMahon", "starsign"=>"Cancer", "img"=>"https://cdn.images.express.co.uk/img/dynamic/4/750x445/1239203.jpg", "ltl"=>"true"}
Completed 400 Bad Request in 0ms (ActiveRecord: 0.0ms | Allocations: 135)


  
ActionController::ParameterMissing (param is missing or the value is empty: user):
  
app/controllers/users_controller.rb:49:in `user_params'
app/controllers/users_controller.rb:18:in `create'
Started POST "/users" for ::1 at 2020-05-12 10:49:18 -0500
Processing by UsersController#create as */*
  Parameters: {"name"=>"Dan McMahon", "starsign"=>"Cancer", "img"=>"https://cdn.images.express.co.uk/img/dynamic/4/750x445/1239203.jpg", "ltl"=>"true"}
Completed 500 Internal Server Error in 4ms (ActiveRecord: 0.0ms | Allocations: 1375)


  
NoMethodError (undefined method `permit' for "Dan McMahon":String):
  
app/controllers/users_controller.rb:49:in `user_params'
app/controllers/users_controller.rb:18:in `create'
Started POST "/users" for ::1 at 2020-05-12 10:51:20 -0500
Processing by UsersController#create as */*
  Parameters: {"name"=>"Dan McMahon", "starsign"=>"Cancer", "img"=>"https://cdn.images.express.co.uk/img/dynamic/4/750x445/1239203.jpg", "ltl"=>"true"}
Completed 500 Internal Server Error in 3ms (ActiveRecord: 0.0ms | Allocations: 436)


  
ArgumentError (wrong number of arguments (given 5, expected 1)):
  
app/controllers/users_controller.rb:49:in `user_params'
app/controllers/users_controller.rb:18:in `create'
Started POST "/users" for ::1 at 2020-05-12 10:58:48 -0500
  
SyntaxError (/Users/danielmcmahon/Desktop/seir-phoenixrising-hw/wk20_hw/dating_app/dating_app_api/app/controllers/users_controller.rb:21: syntax error, unexpected tLABEL, expecting ')'
      render (json: { user: user}, status: 201)
              ^~~~~
/Users/danielmcmahon/Desktop/seir-phoenixrising-hw/wk20_hw/dating_app/dating_app_api/app/controllers/users_controller.rb:23: syntax error, unexpected '}', expecting end
...    render (json: { user; user}, status: 422)
...                              ^
/Users/danielmcmahon/Desktop/seir-phoenixrising-hw/wk20_hw/dating_app/dating_app_api/app/controllers/users_controller.rb:51: syntax error, unexpected end-of-input, expecting end):
  
app/controllers/users_controller.rb:21: syntax error, unexpected tLABEL, expecting ')'
app/controllers/users_controller.rb:23: syntax error, unexpected '}', expecting end
app/controllers/users_controller.rb:51: syntax error, unexpected end-of-input, expecting end
app/controllers/users_controller.rb:21: syntax error, unexpected tLABEL, expecting ')'
app/controllers/users_controller.rb:23: syntax error, unexpected '}', expecting end
app/controllers/users_controller.rb:51: syntax error, unexpected end-of-input, expecting end
Started POST "/users" for ::1 at 2020-05-12 11:01:15 -0500
  
SyntaxError (/Users/danielmcmahon/Desktop/seir-phoenixrising-hw/wk20_hw/dating_app/dating_app_api/app/controllers/users_controller.rb:21: syntax error, unexpected tLABEL, expecting ')'
      render (json: { user: user }, status: 201)
              ^~~~~
/Users/danielmcmahon/Desktop/seir-phoenixrising-hw/wk20_hw/dating_app/dating_app_api/app/controllers/users_controller.rb:48: syntax error, unexpected end-of-input, expecting end):
  
app/controllers/users_controller.rb:21: syntax error, unexpected tLABEL, expecting ')'
app/controllers/users_controller.rb:48: syntax error, unexpected end-of-input, expecting end
app/controllers/users_controller.rb:21: syntax error, unexpected tLABEL, expecting ')'
app/controllers/users_controller.rb:48: syntax error, unexpected end-of-input, expecting end
Started POST "/users" for ::1 at 2020-05-12 11:03:48 -0500
  
SyntaxError (/Users/danielmcmahon/Desktop/seir-phoenixrising-hw/wk20_hw/dating_app/dating_app_api/app/controllers/users_controller.rb:21: syntax error, unexpected tLABEL, expecting ')'
      render (json: { user: user }, status: 201)
              ^~~~~
/Users/danielmcmahon/Desktop/seir-phoenixrising-hw/wk20_hw/dating_app/dating_app_api/app/controllers/users_controller.rb:48: syntax error, unexpected end-of-input, expecting end):
  
app/controllers/users_controller.rb:21: syntax error, unexpected tLABEL, expecting ')'
app/controllers/users_controller.rb:48: syntax error, unexpected end-of-input, expecting end
app/controllers/users_controller.rb:21: syntax error, unexpected tLABEL, expecting ')'
app/controllers/users_controller.rb:48: syntax error, unexpected end-of-input, expecting end
Started POST "/users" for ::1 at 2020-05-12 11:06:39 -0500
Processing by UsersController#create as */*
  Parameters: {"user"=>{"name"=>"Dan McMahon", "starsign"=>"Cancer", "img"=>"https://cdn.images.express.co.uk/img/dynamic/4/750x445/1239203.jpg", "ltl"=>"true"}}
Completed 400 Bad Request in 3ms (ActiveRecord: 0.0ms | Allocations: 446)


  
ActionController::ParameterMissing (param is missing or the value is empty: name):
  
app/controllers/users_controller.rb:47:in `user_params'
app/controllers/users_controller.rb:18:in `create'
Started POST "/users" for ::1 at 2020-05-12 11:08:29 -0500
Processing by UsersController#create as */*
  Parameters: {"user"=>{"name"=>"Dan McMahon", "starsign"=>"Cancer", "img"=>"https://cdn.images.express.co.uk/img/dynamic/4/750x445/1239203.jpg", "ltl"=>"true"}}
  [1m[35m (0.3ms)[0m  [1m[35mBEGIN[0m
  ↳ app/controllers/users_controller.rb:20:in `create'
  [1m[36mUser Create (1.6ms)[0m  [1m[32mINSERT INTO "users" ("name", "starsign", "img", "ltl", "created_at", "updated_at") VALUES ($1, $2, $3, $4, $5, $6) RETURNING "id"[0m  [["name", "Dan McMahon"], ["starsign", "Cancer"], ["img", "https://cdn.images.express.co.uk/img/dynamic/4/750x445/1239203.jpg"], ["ltl", true], ["created_at", "2020-05-12 16:08:30.029366"], ["updated_at", "2020-05-12 16:08:30.029366"]]
  ↳ app/controllers/users_controller.rb:20:in `create'
  [1m[35m (0.5ms)[0m  [1m[35mCOMMIT[0m
  ↳ app/controllers/users_controller.rb:20:in `create'
Completed 201 Created in 35ms (Views: 0.7ms | ActiveRecord: 14.4ms | Allocations: 8525)


Started DELETE "/users" for ::1 at 2020-05-12 11:08:51 -0500
  
ActionController::RoutingError (No route matches [DELETE] "/users"):
  
actionpack (6.0.3) lib/action_dispatch/middleware/debug_exceptions.rb:36:in `call'
actionpack (6.0.3) lib/action_dispatch/middleware/show_exceptions.rb:33:in `call'
railties (6.0.3) lib/rails/rack/logger.rb:37:in `call_app'
railties (6.0.3) lib/rails/rack/logger.rb:26:in `block in call'
activesupport (6.0.3) lib/active_support/tagged_logging.rb:80:in `block in tagged'
activesupport (6.0.3) lib/active_support/tagged_logging.rb:28:in `tagged'
activesupport (6.0.3) lib/active_support/tagged_logging.rb:80:in `tagged'
railties (6.0.3) lib/rails/rack/logger.rb:26:in `call'
actionpack (6.0.3) lib/action_dispatch/middleware/remote_ip.rb:81:in `call'
actionpack (6.0.3) lib/action_dispatch/middleware/request_id.rb:27:in `call'
rack (2.2.2) lib/rack/runtime.rb:22:in `call'
activesupport (6.0.3) lib/active_support/cache/strategy/local_cache_middleware.rb:29:in `call'
actionpack (6.0.3) lib/action_dispatch/middleware/executor.rb:14:in `call'
actionpack (6.0.3) lib/action_dispatch/middleware/static.rb:126:in `call'
rack (2.2.2) lib/rack/sendfile.rb:110:in `call'
actionpack (6.0.3) lib/action_dispatch/middleware/host_authorization.rb:82:in `call'
railties (6.0.3) lib/rails/engine.rb:527:in `call'
puma (4.3.3) lib/puma/configuration.rb:228:in `call'
puma (4.3.3) lib/puma/server.rb:682:in `handle_request'
puma (4.3.3) lib/puma/server.rb:472:in `process_client'
puma (4.3.3) lib/puma/server.rb:328:in `block in run'
puma (4.3.3) lib/puma/thread_pool.rb:134:in `block in spawn_thread'
Started DELETE "/users/6" for ::1 at 2020-05-12 11:09:59 -0500
Processing by UsersController#destroy as */*
  Parameters: {"id"=>"6"}
Completed 500 Internal Server Error in 127ms (ActiveRecord: 0.0ms | Allocations: 35486)


  
NoMethodError (undefined method `set_user' for #<UsersController:0x00007fa9d8eeaca8>
Did you mean?  set_request!):
  
activesupport (6.0.3) lib/active_support/callbacks.rb:428:in `block in make_lambda'
activesupport (6.0.3) lib/active_support/callbacks.rb:181:in `block (2 levels) in halting_and_conditional'
actionpack (6.0.3) lib/abstract_controller/callbacks.rb:34:in `block (2 levels) in <module:Callbacks>'
activesupport (6.0.3) lib/active_support/callbacks.rb:182:in `block in halting_and_conditional'
activesupport (6.0.3) lib/active_support/callbacks.rb:513:in `block in invoke_before'
activesupport (6.0.3) lib/active_support/callbacks.rb:513:in `each'
activesupport (6.0.3) lib/active_support/callbacks.rb:513:in `invoke_before'
activesupport (6.0.3) lib/active_support/callbacks.rb:134:in `run_callbacks'
actionpack (6.0.3) lib/abstract_controller/callbacks.rb:41:in `process_action'
actionpack (6.0.3) lib/action_controller/metal/rescue.rb:22:in `process_action'
actionpack (6.0.3) lib/action_controller/metal/instrumentation.rb:33:in `block in process_action'
activesupport (6.0.3) lib/active_support/notifications.rb:180:in `block in instrument'
activesupport (6.0.3) lib/active_support/notifications/instrumenter.rb:24:in `instrument'
activesupport (6.0.3) lib/active_support/notifications.rb:180:in `instrument'
actionpack (6.0.3) lib/action_controller/metal/instrumentation.rb:32:in `process_action'
actionpack (6.0.3) lib/action_controller/metal/params_wrapper.rb:245:in `process_action'
activerecord (6.0.3) lib/active_record/railties/controller_runtime.rb:27:in `process_action'
actionpack (6.0.3) lib/abstract_controller/base.rb:136:in `process'
actionpack (6.0.3) lib/action_controller/metal.rb:190:in `dispatch'
actionpack (6.0.3) lib/action_controller/metal.rb:254:in `dispatch'
actionpack (6.0.3) lib/action_dispatch/routing/route_set.rb:50:in `dispatch'
actionpack (6.0.3) lib/action_dispatch/routing/route_set.rb:33:in `serve'
actionpack (6.0.3) lib/action_dispatch/journey/router.rb:49:in `block in serve'
actionpack (6.0.3) lib/action_dispatch/journey/router.rb:32:in `each'
actionpack (6.0.3) lib/action_dispatch/journey/router.rb:32:in `serve'
actionpack (6.0.3) lib/action_dispatch/routing/route_set.rb:834:in `call'
rack (2.2.2) lib/rack/etag.rb:27:in `call'
rack (2.2.2) lib/rack/conditional_get.rb:40:in `call'
rack (2.2.2) lib/rack/head.rb:12:in `call'
activerecord (6.0.3) lib/active_record/migration.rb:567:in `call'
actionpack (6.0.3) lib/action_dispatch/middleware/callbacks.rb:27:in `block in call'
activesupport (6.0.3) lib/active_support/callbacks.rb:101:in `run_callbacks'
actionpack (6.0.3) lib/action_dispatch/middleware/callbacks.rb:26:in `call'
actionpack (6.0.3) lib/action_dispatch/middleware/executor.rb:14:in `call'
actionpack (6.0.3) lib/action_dispatch/middleware/actionable_exceptions.rb:17:in `call'
actionpack (6.0.3) lib/action_dispatch/middleware/debug_exceptions.rb:32:in `call'
actionpack (6.0.3) lib/action_dispatch/middleware/show_exceptions.rb:33:in `call'
railties (6.0.3) lib/rails/rack/logger.rb:37:in `call_app'
railties (6.0.3) lib/rails/rack/logger.rb:26:in `block in call'
activesupport (6.0.3) lib/active_support/tagged_logging.rb:80:in `block in tagged'
activesupport (6.0.3) lib/active_support/tagged_logging.rb:28:in `tagged'
activesupport (6.0.3) lib/active_support/tagged_logging.rb:80:in `tagged'
railties (6.0.3) lib/rails/rack/logger.rb:26:in `call'
actionpack (6.0.3) lib/action_dispatch/middleware/remote_ip.rb:81:in `call'
actionpack (6.0.3) lib/action_dispatch/middleware/request_id.rb:27:in `call'
rack (2.2.2) lib/rack/runtime.rb:22:in `call'
activesupport (6.0.3) lib/active_support/cache/strategy/local_cache_middleware.rb:29:in `call'
actionpack (6.0.3) lib/action_dispatch/middleware/executor.rb:14:in `call'
actionpack (6.0.3) lib/action_dispatch/middleware/static.rb:126:in `call'
rack (2.2.2) lib/rack/sendfile.rb:110:in `call'
actionpack (6.0.3) lib/action_dispatch/middleware/host_authorization.rb:82:in `call'
railties (6.0.3) lib/rails/engine.rb:527:in `call'
puma (4.3.3) lib/puma/configuration.rb:228:in `call'
puma (4.3.3) lib/puma/server.rb:682:in `handle_request'
puma (4.3.3) lib/puma/server.rb:472:in `process_client'
puma (4.3.3) lib/puma/server.rb:328:in `block in run'
puma (4.3.3) lib/puma/thread_pool.rb:134:in `block in spawn_thread'
Started GET "/users/6" for ::1 at 2020-05-12 11:10:38 -0500
Processing by UsersController#show as HTML
  Parameters: {"id"=>"6"}
Completed 500 Internal Server Error in 96ms (ActiveRecord: 0.0ms | Allocations: 35478)


  
NoMethodError (undefined method `set_user' for #<UsersController:0x00007fa9da08fbe8>
Did you mean?  set_request!):
  
activesupport (6.0.3) lib/active_support/callbacks.rb:428:in `block in make_lambda'
activesupport (6.0.3) lib/active_support/callbacks.rb:181:in `block (2 levels) in halting_and_conditional'
actionpack (6.0.3) lib/abstract_controller/callbacks.rb:34:in `block (2 levels) in <module:Callbacks>'
activesupport (6.0.3) lib/active_support/callbacks.rb:182:in `block in halting_and_conditional'
activesupport (6.0.3) lib/active_support/callbacks.rb:513:in `block in invoke_before'
activesupport (6.0.3) lib/active_support/callbacks.rb:513:in `each'
activesupport (6.0.3) lib/active_support/callbacks.rb:513:in `invoke_before'
activesupport (6.0.3) lib/active_support/callbacks.rb:134:in `run_callbacks'
actionpack (6.0.3) lib/abstract_controller/callbacks.rb:41:in `process_action'
actionpack (6.0.3) lib/action_controller/metal/rescue.rb:22:in `process_action'
actionpack (6.0.3) lib/action_controller/metal/instrumentation.rb:33:in `block in process_action'
activesupport (6.0.3) lib/active_support/notifications.rb:180:in `block in instrument'
activesupport (6.0.3) lib/active_support/notifications/instrumenter.rb:24:in `instrument'
activesupport (6.0.3) lib/active_support/notifications.rb:180:in `instrument'
actionpack (6.0.3) lib/action_controller/metal/instrumentation.rb:32:in `process_action'
actionpack (6.0.3) lib/action_controller/metal/params_wrapper.rb:245:in `process_action'
activerecord (6.0.3) lib/active_record/railties/controller_runtime.rb:27:in `process_action'
actionpack (6.0.3) lib/abstract_controller/base.rb:136:in `process'
actionpack (6.0.3) lib/action_controller/metal.rb:190:in `dispatch'
actionpack (6.0.3) lib/action_controller/metal.rb:254:in `dispatch'
actionpack (6.0.3) lib/action_dispatch/routing/route_set.rb:50:in `dispatch'
actionpack (6.0.3) lib/action_dispatch/routing/route_set.rb:33:in `serve'
actionpack (6.0.3) lib/action_dispatch/journey/router.rb:49:in `block in serve'
actionpack (6.0.3) lib/action_dispatch/journey/router.rb:32:in `each'
actionpack (6.0.3) lib/action_dispatch/journey/router.rb:32:in `serve'
actionpack (6.0.3) lib/action_dispatch/routing/route_set.rb:834:in `call'
rack (2.2.2) lib/rack/etag.rb:27:in `call'
rack (2.2.2) lib/rack/conditional_get.rb:27:in `call'
rack (2.2.2) lib/rack/head.rb:12:in `call'
activerecord (6.0.3) lib/active_record/migration.rb:567:in `call'
actionpack (6.0.3) lib/action_dispatch/middleware/callbacks.rb:27:in `block in call'
activesupport (6.0.3) lib/active_support/callbacks.rb:101:in `run_callbacks'
actionpack (6.0.3) lib/action_dispatch/middleware/callbacks.rb:26:in `call'
actionpack (6.0.3) lib/action_dispatch/middleware/executor.rb:14:in `call'
actionpack (6.0.3) lib/action_dispatch/middleware/actionable_exceptions.rb:17:in `call'
actionpack (6.0.3) lib/action_dispatch/middleware/debug_exceptions.rb:32:in `call'
actionpack (6.0.3) lib/action_dispatch/middleware/show_exceptions.rb:33:in `call'
railties (6.0.3) lib/rails/rack/logger.rb:37:in `call_app'
railties (6.0.3) lib/rails/rack/logger.rb:26:in `block in call'
activesupport (6.0.3) lib/active_support/tagged_logging.rb:80:in `block in tagged'
activesupport (6.0.3) lib/active_support/tagged_logging.rb:28:in `tagged'
activesupport (6.0.3) lib/active_support/tagged_logging.rb:80:in `tagged'
railties (6.0.3) lib/rails/rack/logger.rb:26:in `call'
actionpack (6.0.3) lib/action_dispatch/middleware/remote_ip.rb:81:in `call'
actionpack (6.0.3) lib/action_dispatch/middleware/request_id.rb:27:in `call'
rack (2.2.2) lib/rack/runtime.rb:22:in `call'
activesupport (6.0.3) lib/active_support/cache/strategy/local_cache_middleware.rb:29:in `call'
actionpack (6.0.3) lib/action_dispatch/middleware/executor.rb:14:in `call'
actionpack (6.0.3) lib/action_dispatch/middleware/static.rb:126:in `call'
rack (2.2.2) lib/rack/sendfile.rb:110:in `call'
actionpack (6.0.3) lib/action_dispatch/middleware/host_authorization.rb:82:in `call'
railties (6.0.3) lib/rails/engine.rb:527:in `call'
puma (4.3.3) lib/puma/configuration.rb:228:in `call'
puma (4.3.3) lib/puma/server.rb:682:in `handle_request'
puma (4.3.3) lib/puma/server.rb:472:in `process_client'
puma (4.3.3) lib/puma/server.rb:328:in `block in run'
puma (4.3.3) lib/puma/thread_pool.rb:134:in `block in spawn_thread'
Started GET "/users" for ::1 at 2020-05-12 11:11:02 -0500
Processing by UsersController#index as HTML
  [1m[36mUser Load (0.4ms)[0m  [1m[34mSELECT "users".* FROM "users"[0m
  ↳ app/controllers/users_controller.rb:8:in `index'
Completed 200 OK in 6ms (Views: 4.7ms | ActiveRecord: 0.4ms | Allocations: 3460)


Started DELETE "/users/6" for ::1 at 2020-05-12 11:11:59 -0500
Processing by UsersController#destroy as */*
  Parameters: {"id"=>"6"}
Completed 500 Internal Server Error in 133ms (ActiveRecord: 0.0ms | Allocations: 35491)


  
NoMethodError (undefined method `set_user' for #<UsersController:0x00007fa9d9760158>
Did you mean?  set_request!):
  
activesupport (6.0.3) lib/active_support/callbacks.rb:428:in `block in make_lambda'
activesupport (6.0.3) lib/active_support/callbacks.rb:181:in `block (2 levels) in halting_and_conditional'
actionpack (6.0.3) lib/abstract_controller/callbacks.rb:34:in `block (2 levels) in <module:Callbacks>'
activesupport (6.0.3) lib/active_support/callbacks.rb:182:in `block in halting_and_conditional'
activesupport (6.0.3) lib/active_support/callbacks.rb:513:in `block in invoke_before'
activesupport (6.0.3) lib/active_support/callbacks.rb:513:in `each'
activesupport (6.0.3) lib/active_support/callbacks.rb:513:in `invoke_before'
activesupport (6.0.3) lib/active_support/callbacks.rb:134:in `run_callbacks'
actionpack (6.0.3) lib/abstract_controller/callbacks.rb:41:in `process_action'
actionpack (6.0.3) lib/action_controller/metal/rescue.rb:22:in `process_action'
actionpack (6.0.3) lib/action_controller/metal/instrumentation.rb:33:in `block in process_action'
activesupport (6.0.3) lib/active_support/notifications.rb:180:in `block in instrument'
activesupport (6.0.3) lib/active_support/notifications/instrumenter.rb:24:in `instrument'
activesupport (6.0.3) lib/active_support/notifications.rb:180:in `instrument'
actionpack (6.0.3) lib/action_controller/metal/instrumentation.rb:32:in `process_action'
actionpack (6.0.3) lib/action_controller/metal/params_wrapper.rb:245:in `process_action'
activerecord (6.0.3) lib/active_record/railties/controller_runtime.rb:27:in `process_action'
actionpack (6.0.3) lib/abstract_controller/base.rb:136:in `process'
actionpack (6.0.3) lib/action_controller/metal.rb:190:in `dispatch'
actionpack (6.0.3) lib/action_controller/metal.rb:254:in `dispatch'
actionpack (6.0.3) lib/action_dispatch/routing/route_set.rb:50:in `dispatch'
actionpack (6.0.3) lib/action_dispatch/routing/route_set.rb:33:in `serve'
actionpack (6.0.3) lib/action_dispatch/journey/router.rb:49:in `block in serve'
actionpack (6.0.3) lib/action_dispatch/journey/router.rb:32:in `each'
actionpack (6.0.3) lib/action_dispatch/journey/router.rb:32:in `serve'
actionpack (6.0.3) lib/action_dispatch/routing/route_set.rb:834:in `call'
rack (2.2.2) lib/rack/etag.rb:27:in `call'
rack (2.2.2) lib/rack/conditional_get.rb:40:in `call'
rack (2.2.2) lib/rack/head.rb:12:in `call'
activerecord (6.0.3) lib/active_record/migration.rb:567:in `call'
actionpack (6.0.3) lib/action_dispatch/middleware/callbacks.rb:27:in `block in call'
activesupport (6.0.3) lib/active_support/callbacks.rb:101:in `run_callbacks'
actionpack (6.0.3) lib/action_dispatch/middleware/callbacks.rb:26:in `call'
actionpack (6.0.3) lib/action_dispatch/middleware/executor.rb:14:in `call'
actionpack (6.0.3) lib/action_dispatch/middleware/actionable_exceptions.rb:17:in `call'
actionpack (6.0.3) lib/action_dispatch/middleware/debug_exceptions.rb:32:in `call'
actionpack (6.0.3) lib/action_dispatch/middleware/show_exceptions.rb:33:in `call'
railties (6.0.3) lib/rails/rack/logger.rb:37:in `call_app'
railties (6.0.3) lib/rails/rack/logger.rb:26:in `block in call'
activesupport (6.0.3) lib/active_support/tagged_logging.rb:80:in `block in tagged'
activesupport (6.0.3) lib/active_support/tagged_logging.rb:28:in `tagged'
activesupport (6.0.3) lib/active_support/tagged_logging.rb:80:in `tagged'
railties (6.0.3) lib/rails/rack/logger.rb:26:in `call'
actionpack (6.0.3) lib/action_dispatch/middleware/remote_ip.rb:81:in `call'
actionpack (6.0.3) lib/action_dispatch/middleware/request_id.rb:27:in `call'
rack (2.2.2) lib/rack/runtime.rb:22:in `call'
activesupport (6.0.3) lib/active_support/cache/strategy/local_cache_middleware.rb:29:in `call'
actionpack (6.0.3) lib/action_dispatch/middleware/executor.rb:14:in `call'
actionpack (6.0.3) lib/action_dispatch/middleware/static.rb:126:in `call'
rack (2.2.2) lib/rack/sendfile.rb:110:in `call'
actionpack (6.0.3) lib/action_dispatch/middleware/host_authorization.rb:82:in `call'
railties (6.0.3) lib/rails/engine.rb:527:in `call'
puma (4.3.3) lib/puma/configuration.rb:228:in `call'
puma (4.3.3) lib/puma/server.rb:682:in `handle_request'
puma (4.3.3) lib/puma/server.rb:472:in `process_client'
puma (4.3.3) lib/puma/server.rb:328:in `block in run'
puma (4.3.3) lib/puma/thread_pool.rb:134:in `block in spawn_thread'
Started DELETE "/users/6" for ::1 at 2020-05-12 11:12:32 -0500
Processing by UsersController#destroy as */*
  Parameters: {"id"=>"6"}
  [1m[36mUser Load (0.5ms)[0m  [1m[34mSELECT "users".* FROM "users" WHERE "users"."id" = $1 LIMIT $2[0m  [["id", 6], ["LIMIT", 1]]
  ↳ app/controllers/users_controller.rb:39:in `destroy'
  [1m[35m (0.2ms)[0m  [1m[35mBEGIN[0m
  ↳ app/controllers/users_controller.rb:39:in `destroy'
  [1m[36mUser Destroy (0.5ms)[0m  [1m[31mDELETE FROM "users" WHERE "users"."id" = $1[0m  [["id", 6]]
  ↳ app/controllers/users_controller.rb:39:in `destroy'
  [1m[35m (6.2ms)[0m  [1m[35mCOMMIT[0m
  ↳ app/controllers/users_controller.rb:39:in `destroy'
Completed 204 No Content in 66ms (Views: 0.1ms | ActiveRecord: 17.4ms | Allocations: 8507)


Started GET "/users" for ::1 at 2020-05-12 11:12:37 -0500
Processing by UsersController#index as HTML
  [1m[36mUser Load (6.4ms)[0m  [1m[34mSELECT "users".* FROM "users"[0m
  ↳ app/controllers/users_controller.rb:8:in `index'
Completed 200 OK in 15ms (Views: 8.8ms | ActiveRecord: 6.4ms | Allocations: 3219)


Started PUT "/users/5" for ::1 at 2020-05-12 11:15:16 -0500
  
SyntaxError (/Users/danielmcmahon/Desktop/seir-phoenixrising-hw/wk20_hw/dating_app/dating_app_api/app/controllers/users_controller.rb:30: dynamic constant assignment
    User = User.find(params[:id])
    ^~~~):
  
app/controllers/users_controller.rb:30: dynamic constant assignment
app/controllers/users_controller.rb:30: dynamic constant assignment
Started PUT "/users/5" for ::1 at 2020-05-12 11:16:40 -0500
  
SyntaxError (/Users/danielmcmahon/Desktop/seir-phoenixrising-hw/wk20_hw/dating_app/dating_app_api/app/controllers/users_controller.rb:30: dynamic constant assignment
    User = User.find(params[:id])
    ^~~~):
  
app/controllers/users_controller.rb:30: dynamic constant assignment
app/controllers/users_controller.rb:30: dynamic constant assignment
Started PUT "/users/5" for ::1 at 2020-05-12 11:20:30 -0500
  
SyntaxError (/Users/danielmcmahon/Desktop/seir-phoenixrising-hw/wk20_hw/dating_app/dating_app_api/app/controllers/users_controller.rb:28: dynamic constant assignment
    User = User.find(params[:id])
    ^~~~):
  
app/controllers/users_controller.rb:28: dynamic constant assignment
app/controllers/users_controller.rb:28: dynamic constant assignment
Started PUT "/users/5" for ::1 at 2020-05-12 11:22:37 -0500
Processing by UsersController#update as */*
  Parameters: {"user"=>{"name"=>"John Wayne"}, "id"=>"5"}
  [1m[36mUser Load (0.4ms)[0m  [1m[34mSELECT "users".* FROM "users" WHERE "users"."id" = $1 LIMIT $2[0m  [["id", 5], ["LIMIT", 1]]
  ↳ app/controllers/users_controller.rb:28:in `update'
  [1m[35m (0.2ms)[0m  [1m[35mBEGIN[0m
  ↳ app/controllers/users_controller.rb:29:in `update'
  [1m[36mUser Update (1.2ms)[0m  [1m[33mUPDATE "users" SET "name" = $1, "updated_at" = $2 WHERE "users"."id" = $3[0m  [["name", "John Wayne"], ["updated_at", "2020-05-12 16:22:37.155309"], ["id", 5]]
  ↳ app/controllers/users_controller.rb:29:in `update'
  [1m[35m (0.8ms)[0m  [1m[35mCOMMIT[0m
  ↳ app/controllers/users_controller.rb:29:in `update'
Completed 200 OK in 34ms (Views: 1.0ms | ActiveRecord: 10.3ms | Allocations: 8847)


